<?xml version="1.0" encoding="UTF-8"?>
<testsuite name="runner.TestRunner" tests="18" skipped="0" failures="0" errors="0" timestamp="2023-02-16T22:32:55" hostname="LAPTOP-D3D2ET62" time="74.375">
  <properties/>
  <testcase name="Auth Services HappyPath" classname="runner.TestRunner" time="10.337"/>
  <testcase name="Auth Services UnHappyPath #1" classname="runner.TestRunner" time="3.008"/>
  <testcase name="Auth Services UnHappyPath #2" classname="runner.TestRunner" time="3.141"/>
  <testcase name="Validate CreateBooking Services - HappyPath" classname="runner.TestRunner" time="3.104"/>
  <testcase name="Create Booking Services - UnhappyPath Error 500" classname="runner.TestRunner" time="3.31"/>
  <testcase name="Create Booking Services - UnhappyPath Error 400" classname="runner.TestRunner" time="3.648"/>
  <testcase name="Validate DeleteBooking Services - HappyPath" classname="runner.TestRunner" time="4.868"/>
  <testcase name="End to End HappyPath" classname="runner.TestRunner" time="4.708"/>
  <testcase name="GetBooking Services" classname="runner.TestRunner" time="3.929"/>
  <testcase name="As a Precondition we need to add a new guess to be sure the data will be retrieved" classname="runner.TestRunner" time="3.2"/>
  <testcase name="GetBookingIds Services #1" classname="runner.TestRunner" time="3.64"/>
  <testcase name="GetBookingIds Services #2" classname="runner.TestRunner" time="3.882"/>
  <testcase name="GetBookingIds Services #3" classname="runner.TestRunner" time="4.16"/>
  <testcase name="GetBookingIds Services #4" classname="runner.TestRunner" time="4.076"/>
  <testcase name="GetBookingIds Services #5" classname="runner.TestRunner" time="3.53"/>
  <testcase name="Validate PartialUpdateBooking Services - HappyPath" classname="runner.TestRunner" time="4.763"/>
  <testcase name="Ping Services HappyPath" classname="runner.TestRunner" time="3.017"/>
  <testcase name="Validate UpdateBooking Services - HappyPath" classname="runner.TestRunner" time="4.053"/>
  <system-out><![CDATA[]]></system-out>
  <system-err><![CDATA[?????????????????????????????????????????????????????????????????????????????????????
? Share your Cucumber Report with your team at https://reports.cucumber.io          ?
? Activate publishing with one of the following:                                    ?
?                                                                                   ?
? src/test/resources/cucumber.properties:          cucumber.publish.enabled=true    ?
? src/test/resources/junit-platform.properties:    cucumber.publish.enabled=true    ?
? Environment variable:                            CUCUMBER_PUBLISH_ENABLED=true    ?
? JUnit:                                           @CucumberOptions(publish = true) ?
?                                                                                   ?
? More information at https://cucumber.io/docs/cucumber/environment-variables/      ?
?                                                                                   ?
? Disable this message with one of the following:                                   ?
?                                                                                   ?
? src/test/resources/cucumber.properties:          cucumber.publish.quiet=true      ?
? src/test/resources/junit-platform.properties:    cucumber.publish.quiet=true      ?
?????????????????????????????????????????????????????????????????????????????????????
]]></system-err>
</testsuite>
